<?xml version="1.0" encoding="UTF-8"?>
<!-- Generated by org.testng.reporters.JUnitXMLReporter -->
<testsuite ignored="0" hostname="DESKTOP-JQEASTQ" failures="1" tests="1" name="Default test(failed)" time="13.512" errors="0" timestamp="2022-02-05T22:06:22 IST">
  <testcase classname="Testngpackage.AppTest" name="guru99tutorials" time="13.013">
    <failure type="org.openqa.selenium.WebDriverException" message="unknown error: cannot find Chrome binary
Build info: version: &amp;apos;3.141.5&amp;apos;, revision: &amp;apos;d54ebd709a&amp;apos;, time: &amp;apos;2018-11-06T11:42:16&amp;apos;
System info: host: &amp;apos;DESKTOP-JQEASTQ&amp;apos;, ip: &amp;apos;192.168.0.135&amp;apos;, os.name: &amp;apos;Windows 10&amp;apos;, os.arch: &amp;apos;amd64&amp;apos;, os.version: &amp;apos;10.0&amp;apos;, java.version: &amp;apos;16.0.1&amp;apos;
Driver info: driver.version: ChromeDriver
remote stacktrace: Backtrace:
	Ordinal0 [0x00C80C43+2493507]
	Ordinal0 [0x00C1A4B1+2073777]
	Ordinal0 [0x00B22608+1058312]
	Ordinal0 [0x00B3B749+1161033]
	Ordinal0 [0x00B39DCF+1154511]
	Ordinal0 [0x00B69F0F+1351439]
	Ordinal0 [0x00B69B7A+1350522]
	Ordinal0 [0x00B6580B+1333259]
	Ordinal0 [0x00B42314+1188628]
	Ordinal0 [0x00B4316F+1192303]
	GetHandleVerifier [0x00E07BF6+1548950]
	GetHandleVerifier [0x00EB461C+2256060]
	GetHandleVerifier [0x00D0C13B+518107]
	GetHandleVerifier [0x00D0B1E0+514176]
	Ordinal0 [0x00C1F53D+2094397]
	Ordinal0 [0x00C23418+2110488]
	Ordinal0 [0x00C23552+2110802]
	Ordinal0 [0x00C2CE81+2150017]
	BaseThreadInitThunk [0x7623FA29+25]
	RtlGetAppContainerNamedObjectPath [0x77927A9E+286]
	RtlGetAppContainerNamedObjectPath [0x77927A6E+238]
">
      <![CDATA[org.openqa.selenium.WebDriverException: unknown error: cannot find Chrome binary
Build info: version: '3.141.5', revision: 'd54ebd709a', time: '2018-11-06T11:42:16'
System info: host: 'DESKTOP-JQEASTQ', ip: '192.168.0.135', os.name: 'Windows 10', os.arch: 'amd64', os.version: '10.0', java.version: '16.0.1'
Driver info: driver.version: ChromeDriver
remote stacktrace: Backtrace:
Ordinal0 [0x00C80C43+2493507]
Ordinal0 [0x00C1A4B1+2073777]
Ordinal0 [0x00B22608+1058312]
Ordinal0 [0x00B3B749+1161033]
Ordinal0 [0x00B39DCF+1154511]
Ordinal0 [0x00B69F0F+1351439]
Ordinal0 [0x00B69B7A+1350522]
Ordinal0 [0x00B6580B+1333259]
Ordinal0 [0x00B42314+1188628]
Ordinal0 [0x00B4316F+1192303]
GetHandleVerifier [0x00E07BF6+1548950]
GetHandleVerifier [0x00EB461C+2256060]
GetHandleVerifier [0x00D0C13B+518107]
GetHandleVerifier [0x00D0B1E0+514176]
Ordinal0 [0x00C1F53D+2094397]
Ordinal0 [0x00C23418+2110488]
Ordinal0 [0x00C23552+2110802]
Ordinal0 [0x00C2CE81+2150017]
BaseThreadInitThunk [0x7623FA29+25]
RtlGetAppContainerNamedObjectPath [0x77927A9E+286]
RtlGetAppContainerNamedObjectPath [0x77927A6E+238]

at org.openqa.selenium.remote.W3CHandshakeResponse.lambda$errorHandler$0(W3CHandshakeResponse.java:62)
at org.openqa.selenium.remote.HandshakeResponse.lambda$getResponseFunction$0(HandshakeResponse.java:30)
at org.openqa.selenium.remote.ProtocolHandshake.lambda$createSession$0(ProtocolHandshake.java:123)
at java.base/java.util.stream.ReferencePipeline$3$1.accept(ReferencePipeline.java:197)
at java.base/java.util.Spliterators$ArraySpliterator.tryAdvance(Spliterators.java:958)
at java.base/java.util.stream.ReferencePipeline.forEachWithCancel(ReferencePipeline.java:129)
at java.base/java.util.stream.AbstractPipeline.copyIntoWithCancel(AbstractPipeline.java:502)
at java.base/java.util.stream.AbstractPipeline.copyInto(AbstractPipeline.java:488)
at java.base/java.util.stream.AbstractPipeline.wrapAndCopyInto(AbstractPipeline.java:474)
at java.base/java.util.stream.FindOps$FindOp.evaluateSequential(FindOps.java:150)
at java.base/java.util.stream.AbstractPipeline.evaluate(AbstractPipeline.java:234)
at java.base/java.util.stream.ReferencePipeline.findFirst(ReferencePipeline.java:647)
at org.openqa.selenium.remote.ProtocolHandshake.createSession(ProtocolHandshake.java:125)
at org.openqa.selenium.remote.ProtocolHandshake.createSession(ProtocolHandshake.java:74)
at org.openqa.selenium.remote.HttpCommandExecutor.execute(HttpCommandExecutor.java:136)
at org.openqa.selenium.remote.service.DriverCommandExecutor.execute(DriverCommandExecutor.java:83)
at org.openqa.selenium.remote.RemoteWebDriver.execute(RemoteWebDriver.java:552)
at org.openqa.selenium.remote.RemoteWebDriver.startSession(RemoteWebDriver.java:213)
at org.openqa.selenium.remote.RemoteWebDriver.<init>(RemoteWebDriver.java:131)
at org.openqa.selenium.chrome.ChromeDriver.<init>(ChromeDriver.java:181)
at org.openqa.selenium.chrome.ChromeDriver.<init>(ChromeDriver.java:168)
at org.openqa.selenium.chrome.ChromeDriver.<init>(ChromeDriver.java:123)
at Testngpackage.AppTest.guru99tutorials(AppTest.java:20)
at java.base/java.util.ArrayList.forEach(ArrayList.java:1511)
... Removed 32 stack frames]]>
    </failure>
  </testcase> <!-- guru99tutorials -->
</testsuite> <!-- Default test(failed) -->
